<?xml version="1.0" encoding="UTF-8"?>
<!-- Generated by org.testng.reporters.JUnitXMLReporter -->
<testsuite ignored="0" hostname="LIN51017941" failures="0" tests="4" name="Test" time="20.074" errors="0" timestamp="2024-07-09T15:47:35 IST">
  <testcase classname="tests.twoTest" name="twotest" time="0.013"/>
  <testcase classname="tests.oneTest" name="testone" time="0.003"/>
  <testcase classname="tests.Logintest" name="login" time="1.567"/>
  <testcase classname="tests.Logintest" name="login" time="1.392"/>
</testsuite> <!-- Test -->
