<?xml version="1.0" encoding="UTF-8"?>
<!-- Generated by org.testng.reporters.JUnitXMLReporter -->
<testsuite ignored="0" hostname="LIN51017941" failures="0" tests="4" name="Test" time="13.139" errors="0" timestamp="2024-07-09T16:01:31 IST">
  <testcase classname="tests.twoTest" name="twotest" time="0.005"/>
  <testcase classname="tests.oneTest" name="testone" time="0.0"/>
  <testcase classname="tests.Logintest" name="login" time="1.656"/>
  <testcase classname="tests.Logintest" name="login" time="2.828"/>
</testsuite> <!-- Test -->
