<?xml version="1.0" encoding="UTF-8"?>
<testng-results ignored="0" total="4" passed="4" failed="0" skipped="0">
  <reporter-output>
  </reporter-output>
  <suite started-at="2024-07-09T16:01:18 IST" name="Suite" finished-at="2024-07-09T16:01:31 IST" duration-ms="13139">
    <groups>
    </groups>
    <test started-at="2024-07-09T16:01:18 IST" name="Test" finished-at="2024-07-09T16:01:31 IST" duration-ms="13139">
      <class name="tests.Logintest">
        <test-method is-config="true" signature="openbrowserr()[pri:0, instance:tests.Logintest@36bc55de]" started-at="2024-07-09T16:01:18 IST" name="openbrowserr" finished-at="2024-07-09T16:01:23 IST" duration-ms="5393" status="PASS">
          <reporter-output>
          </reporter-output>
        </test-method> <!-- openbrowserr -->
        <test-method signature="login(java.lang.String,java.lang.String,java.lang.String)[pri:0, instance:tests.Logintest@36bc55de]" started-at="2024-07-09T16:01:23 IST" name="login" data-provider="getlogindata" finished-at="2024-07-09T16:01:25 IST" duration-ms="1656" status="PASS">
          <params>
            <param index="0">
              <value>
                <![CDATA[abcx1@gmail.com]]>
              </value>
            </param>
            <param index="1">
              <value>
                <![CDATA[Channu@322]]>
              </value>
            </param>
            <param index="2">
              <value>
                <![CDATA[succsessful]]>
              </value>
            </param>
          </params>
          <reporter-output>
          </reporter-output>
        </test-method> <!-- login -->
        <test-method is-config="true" signature="closure()[pri:0, instance:tests.Logintest@36bc55de]" started-at="2024-07-09T16:01:25 IST" name="closure" finished-at="2024-07-09T16:01:25 IST" duration-ms="141" status="PASS">
          <reporter-output>
          </reporter-output>
        </test-method> <!-- closure -->
        <test-method is-config="true" signature="openbrowserr()[pri:0, instance:tests.Logintest@36bc55de]" started-at="2024-07-09T16:01:25 IST" name="openbrowserr" finished-at="2024-07-09T16:01:28 IST" duration-ms="2904" status="PASS">
          <reporter-output>
          </reporter-output>
        </test-method> <!-- openbrowserr -->
        <test-method signature="login(java.lang.String,java.lang.String,java.lang.String)[pri:0, instance:tests.Logintest@36bc55de]" started-at="2024-07-09T16:01:28 IST" name="login" data-provider="getlogindata" finished-at="2024-07-09T16:01:31 IST" duration-ms="2828" status="PASS">
          <params>
            <param index="0">
              <value>
                <![CDATA[sachin@gmail.com]]>
              </value>
            </param>
            <param index="1">
              <value>
                <![CDATA[akash@345]]>
              </value>
            </param>
            <param index="2">
              <value>
                <![CDATA[Failure]]>
              </value>
            </param>
          </params>
          <reporter-output>
          </reporter-output>
        </test-method> <!-- login -->
        <test-method is-config="true" signature="closure()[pri:0, instance:tests.Logintest@36bc55de]" started-at="2024-07-09T16:01:31 IST" name="closure" finished-at="2024-07-09T16:01:31 IST" duration-ms="148" status="PASS">
          <reporter-output>
          </reporter-output>
        </test-method> <!-- closure -->
      </class> <!-- tests.Logintest -->
      <class name="tests.twoTest">
        <test-method signature="twotest()[pri:0, instance:tests.twoTest@595b007d]" started-at="2024-07-09T16:01:18 IST" name="twotest" finished-at="2024-07-09T16:01:18 IST" duration-ms="5" status="PASS">
          <reporter-output>
          </reporter-output>
        </test-method> <!-- twotest -->
      </class> <!-- tests.twoTest -->
      <class name="tests.oneTest">
        <test-method signature="testone()[pri:0, instance:tests.oneTest@3a93b025]" started-at="2024-07-09T16:01:18 IST" name="testone" finished-at="2024-07-09T16:01:18 IST" duration-ms="0" status="PASS">
          <reporter-output>
          </reporter-output>
        </test-method> <!-- testone -->
      </class> <!-- tests.oneTest -->
    </test> <!-- Test -->
  </suite> <!-- Suite -->
</testng-results>
